<?xml version="1.0" encoding="UTF-8"?>
<testng-results ignored="0" total="1" passed="1" failed="0" skipped="0">
  <reporter-output>
  </reporter-output>
  <suite started-at="2023-05-17T21:04:30 IST" name="Default suite" finished-at="2023-05-17T21:04:32 IST" duration-ms="2854">
    <groups>
    </groups>
    <test started-at="2023-05-17T21:04:30 IST" name="Default test" finished-at="2023-05-17T21:04:32 IST" duration-ms="2854">
      <class name="RestAssuredPBL.API_Q6">
        <test-method signature="test_deleteUser()[pri:0, instance:RestAssuredPBL.API_Q6@63a12c68]" started-at="2023-05-17T21:04:30 IST" name="test_deleteUser" finished-at="2023-05-17T21:04:32 IST" duration-ms="2806" status="PASS">
          <reporter-output>
          </reporter-output>
        </test-method> <!-- test_deleteUser -->
      </class> <!-- RestAssuredPBL.API_Q6 -->
    </test> <!-- Default test -->
  </suite> <!-- Default suite -->
</testng-results>
